This is e-pTeX, Version 3.141592653-p4.0.0-220214-2.6 (utf8.euc) (TeX Live 2022) (preloaded format=platex 2022.12.2)  2 FEB 2023 20:54
entering extended mode
 restricted \write18 enabled.
 file:line:error style messages enabled.
 %&-line parsing enabled.
**/Users/mochi/GitHub/2023sotsuron/sotsuron2.tex
(/Users/mochi/GitHub/2023sotsuron/sotsuron2.tex
pLaTeX2e <2021-11-15> (based on LaTeX2e <2021-11-15> patch level 1)
L3 programming layer <2022-02-24> (/usr/local/texlive/2022/texmf-dist/tex/platex/base/jreport.cls
Document Class: jreport 2020/09/30 v1.8f Standard pLaTeX class
\c@@paper=\count184
(/usr/local/texlive/2022/texmf-dist/tex/platex/base/jsize12.clo
File: jsize12.clo 2020/09/30 v1.8f Standard pLaTeX file (size option)
)
\c@part=\count185
\c@chapter=\count186
\c@section=\count187
\c@subsection=\count188
\c@subsubsection=\count189
\c@paragraph=\count190
\c@subparagraph=\count191
\c@figure=\count192
\c@table=\count193
\abovecaptionskip=\skip47
\belowcaptionskip=\skip48
\symmincho=\mathgroup4
LaTeX Font Info:    Overwriting symbol font `mincho' in version `bold'
(Font)                  JY1/mc/m/n --> JY1/gt/m/n on input line 704.
\toclineskip=\dimen154
\@lnumwidth=\dimen155
\bibindent=\dimen156
\heisei=\count194
) (/usr/local/texlive/2022/texmf-dist/tex/latex/geometry/geometry.sty
Package: geometry 2020/01/02 v5.9 Page Geometry
 (/usr/local/texlive/2022/texmf-dist/tex/latex/graphics/keyval.sty
Package: keyval 2014/10/28 v1.15 key=value parser (DPC)
\KV@toks@=\toks17
) (/usr/local/texlive/2022/texmf-dist/tex/generic/iftex/ifvtex.sty
Package: ifvtex 2019/10/25 v1.7 ifvtex legacy package. Use iftex instead.
 (/usr/local/texlive/2022/texmf-dist/tex/generic/iftex/iftex.sty
Package: iftex 2022/02/03 v1.0f TeX engine tests
))
\Gm@cnth=\count195
\Gm@cntv=\count196
\c@Gm@tempcnt=\count197
\Gm@bindingoffset=\dimen157
\Gm@wd@mp=\dimen158
\Gm@odd@mp=\dimen159
\Gm@even@mp=\dimen160
\Gm@layoutwidth=\dimen161
\Gm@layoutheight=\dimen162
\Gm@layouthoffset=\dimen163
\Gm@layoutvoffset=\dimen164
\Gm@dimlist=\toks18
) (/usr/local/texlive/2022/texmf-dist/tex/latex/url/url.sty
\Urlmuskip=\muskip16
Package: url 2013/09/16  ver 3.4  Verb mode for urls, etc.
) (/usr/local/texlive/2022/texmf-dist/tex/latex/graphics/graphicx.sty
Package: graphicx 2021/09/16 v1.2d Enhanced LaTeX Graphics (DPC,SPQR)
 (/usr/local/texlive/2022/texmf-dist/tex/latex/graphics/graphics.sty
Package: graphics 2021/03/04 v1.4d Standard LaTeX Graphics (DPC,SPQR)
 (/usr/local/texlive/2022/texmf-dist/tex/latex/graphics/trig.sty
Package: trig 2021/08/11 v1.11 sin cos tan (DPC)
) (/usr/local/texlive/2022/texmf-dist/tex/latex/graphics-cfg/graphics.cfg
File: graphics.cfg 2016/06/04 v1.11 sample graphics configuration
)
Package graphics Info: Driver file: dvipdfmx.def on input line 107.
 (/usr/local/texlive/2022/texmf-dist/tex/latex/graphics-def/dvipdfmx.def
File: dvipdfmx.def 2021/03/18 v5.0j Graphics/color driver for dvipdfmx
))
\Gin@req@height=\dimen165
\Gin@req@width=\dimen166
) (/usr/local/texlive/2022/texmf-dist/tex/latex/amsmath/amsmath.sty
Package: amsmath 2021/10/15 v2.17l AMS math features
\@mathmargin=\skip49

For additional information on amsmath, use the `?' option.
(/usr/local/texlive/2022/texmf-dist/tex/latex/amsmath/amstext.sty
Package: amstext 2021/08/26 v2.01 AMS text
 (/usr/local/texlive/2022/texmf-dist/tex/latex/amsmath/amsgen.sty
File: amsgen.sty 1999/11/30 v2.0 generic functions
\@emptytoks=\toks19
\ex@=\dimen167
)) (/usr/local/texlive/2022/texmf-dist/tex/latex/amsmath/amsbsy.sty
Package: amsbsy 1999/11/29 v1.2d Bold Symbols
\pmbraise@=\dimen168
) (/usr/local/texlive/2022/texmf-dist/tex/latex/amsmath/amsopn.sty
Package: amsopn 2021/08/26 v2.02 operator names
)
\inf@bad=\count198
LaTeX Info: Redefining \frac on input line 234.
\uproot@=\count199
\leftroot@=\count266
LaTeX Info: Redefining \overline on input line 399.
\classnum@=\count267
\DOTSCASE@=\count268
LaTeX Info: Redefining \ldots on input line 496.
LaTeX Info: Redefining \dots on input line 499.
LaTeX Info: Redefining \cdots on input line 620.
\Mathstrutbox@=\box67
\strutbox@=\box68
\big@size=\dimen169
LaTeX Font Info:    Redeclaring font encoding OML on input line 743.
LaTeX Font Info:    Redeclaring font encoding OMS on input line 744.
\macc@depth=\count269
\c@MaxMatrixCols=\count270
\dotsspace@=\muskip17
\c@parentequation=\count271
\dspbrk@lvl=\count272
\tag@help=\toks20
\row@=\count273
\column@=\count274
\maxfields@=\count275
\andhelp@=\toks21
\eqnshift@=\dimen170
\alignsep@=\dimen171
\tagshift@=\dimen172
\tagwidth@=\dimen173
\totwidth@=\dimen174
\lineht@=\dimen175
\@envbody=\toks22
\multlinegap=\skip50
\multlinetaggap=\skip51
\mathdisplay@stack=\toks23
LaTeX Info: Redefining \[ on input line 2938.
LaTeX Info: Redefining \] on input line 2939.
) (/usr/local/texlive/2022/texmf-dist/tex/latex/amscls/amsthm.sty
Package: amsthm 2020/05/29 v2.20.6
\thm@style=\toks24
\thm@bodyfont=\toks25
\thm@headfont=\toks26
\thm@notefont=\toks27
\thm@headpunct=\toks28
\thm@preskip=\skip52
\thm@postskip=\skip53
\thm@headsep=\skip54
\dth@everypar=\toks29
) (/usr/local/texlive/2022/texmf-dist/tex/latex/amsfonts/amssymb.sty
Package: amssymb 2013/01/14 v3.01 AMS font symbols
 (/usr/local/texlive/2022/texmf-dist/tex/latex/amsfonts/amsfonts.sty
Package: amsfonts 2013/01/14 v3.01 Basic AMSFonts support
\symAMSa=\mathgroup5
\symAMSb=\mathgroup6
LaTeX Font Info:    Redeclaring math symbol \hbar on input line 98.
LaTeX Font Info:    Overwriting math alphabet `\mathfrak' in version `bold'
(Font)                  U/euf/m/n --> U/euf/b/n on input line 106.
)) (/usr/local/texlive/2022/texmf-dist/tex/latex/ascmac/ascmac.sty
Package: ascmac 2020/01/15 v2.1 ascmac wrapper (community edition) 
 (/usr/local/texlive/2022/texmf-dist/tex/latex/ascmac/tascmac.sty
Package: tascmac 2020/01/15 v2.1 ascmac package (community edition) 
\@savetbaselineshift=\dimen176
\@saveybaselineshift=\dimen177
\scb@x=\box69
\scscb@x=\box70
\@bw=\dimen178
\@nbox=\box71
\@nbody=\box72
\@scw=\dimen179
\ascmac@hoboxa=\box73
\ascmac@hoboxb=\box74
\@itemh=\dimen180
\@iboxpos=\toks30
\@iboxstr=\box75
\@bwsp=\box76
\@@bwsp=\box77
\@bcal=\count276
\shaderule=\dimen181
)) (/usr/local/texlive/2022/texmf-dist/tex/latex/fancyhdr/fancyhdr.sty
Package: fancyhdr 2021/01/28 v4.0.1 Extensive control of page headers and footers
\f@nch@headwidth=\skip55
\f@nch@O@elh=\skip56
\f@nch@O@erh=\skip57
\f@nch@O@olh=\skip58
\f@nch@O@orh=\skip59
\f@nch@O@elf=\skip60
\f@nch@O@erf=\skip61
\f@nch@O@olf=\skip62
\f@nch@O@orf=\skip63
) (/usr/local/texlive/2022/texmf-dist/tex/latex/fancybox/fancybox.sty
Package: fancybox 2010/05/15 1.4

Style option: `fancybox' v1.4 <2010/05/15> (tvz)
\@fancybox=\box78
\shadowsize=\dimen182
\@Sbox=\box79
\do@VerbBox=\toks31
\the@fancyput=\toks32
\this@fancyput=\toks33
\EndVerbatimTokens=\toks34
\Verbatim@Outfile=\write3
\Verbatim@Infile=\read2
) (/usr/local/texlive/2022/texmf-dist/tex/latex/fancyvrb/fancyvrb.sty
Package: fancyvrb 2021/12/21 4.1b verbatim text (tvz,hv)
\FV@CodeLineNo=\count277
\FV@InFile=\read3
\FV@TabBox=\box80
\c@FancyVerbLine=\count278
\FV@StepNumber=\count279
\FV@OutFile=\write4
LaTeX Info: Redefining \UseVerb on input line 1241.
) (/usr/local/texlive/2022/texmf-dist/tex/latex/base/fontenc.sty
Package: fontenc 2021/04/29 v2.0v Standard LaTeX package
) (/usr/local/texlive/2022/texmf-dist/tex/latex/caption/subcaption.sty
Package: subcaption 2022/01/07 v1.5 Sub-captions (AR)
 (/usr/local/texlive/2022/texmf-dist/tex/latex/caption/caption.sty
Package: caption 2022/03/01 v3.6b Customizing captions (AR)
 (/usr/local/texlive/2022/texmf-dist/tex/latex/caption/caption3.sty
Package: caption3 2022/03/17 v2.3b caption3 kernel (AR)
\caption@tempdima=\dimen183
\captionmargin=\dimen184
\caption@leftmargin=\dimen185
\caption@rightmargin=\dimen186
\caption@width=\dimen187
\caption@indent=\dimen188
\caption@parindent=\dimen189
\caption@hangindent=\dimen190
Package caption Info: Unknown document class (or package),
(caption)             standard defaults will be used.
Package caption Info: \@makecaption = \long macro:#1#2->\vskip \abovecaptionskip \iftdir \sbox \@tempboxa {#1\hskip 1zw#2}\else \sbox \@tempboxa {#1: #2}\fi \ifdim \wd \@tempboxa >\hsize \iftdir #1\hskip 1zw#2\relax \par \else #1: #2\relax \par \fi \else \global \@minipagefalse \hb@xt@ \hsize {\hfil \box \@tempboxa \hfil }\fi \vskip \belowcaptionskip  on input line 1176.
)

Package caption Warning: Unknown document class (or package),
(caption)                standard defaults will be used.
See the caption package documentation for explanation.

\c@caption@flags=\count280
\c@continuedfloat=\count281
)
\c@subfigure=\count282
\c@subtable=\count283
) (/usr/local/texlive/2022/texmf-dist/tex/latex/comment/comment.sty
\CommentStream=\write5
 Excluding comment 'comment') (/usr/local/texlive/2022/texmf-dist/tex/latex/here/here.sty) (/usr/local/texlive/2022/texmf-dist/tex/latex/float/float.sty
Package: float 2001/11/08 v1.3d Float enhancements (AL)
\c@float@type=\count284
\float@exts=\toks35
\float@box=\box81
\@float@everytoks=\toks36
\@floatcapt=\box82
) (/usr/local/texlive/2022/texmf-dist/tex/latex/booktabs/booktabs.sty
Package: booktabs 2020/01/12 v1.61803398 Publication quality tables
\heavyrulewidth=\dimen191
\lightrulewidth=\dimen192
\cmidrulewidth=\dimen193
\belowrulesep=\dimen194
\belowbottomsep=\dimen195
\aboverulesep=\dimen196
\abovetopsep=\dimen197
\cmidrulesep=\dimen198
\cmidrulekern=\dimen199
\defaultaddspace=\dimen256
\@cmidla=\count285
\@cmidlb=\count286
\@aboverulesep=\dimen257
\@belowrulesep=\dimen258
\@thisruleclass=\count287
\@lastruleclass=\count288
\@thisrulewidth=\dimen259
) (/usr/local/texlive/2022/texmf-dist/tex/latex/makecell/makecell.sty
Package: makecell 2009/08/03 V0.1e Managing of Tab Column Heads and Cells
 (/usr/local/texlive/2022/texmf-dist/tex/latex/tools/array.sty
Package: array 2021/10/04 v2.5f Tabular extension package (FMi)
\col@sep=\dimen260
\ar@mcellbox=\box83
\extrarowheight=\dimen261
\NC@list=\toks37
\extratabsurround=\skip64
\backup@length=\skip65
\ar@cellbox=\box84
)
\rotheadsize=\dimen262
\c@nlinenum=\count289
\TeXr@lab=\toks38
) (/usr/local/texlive/2022/texmf-dist/tex/latex/l3backend/l3backend-dvipdfmx.def
File: l3backend-dvipdfmx.def 2022-02-07 L3 backend support: dvipdfmx
 (|extractbb --version)
\c__kernel_sys_dvipdfmx_version_int=\count290
\l__color_backend_stack_int=\count291
\g__color_backend_stack_int=\count292
\g__graphics_track_int=\count293
\l__pdf_internal_box=\box85
\g__pdf_backend_object_int=\count294
\g__pdf_backend_annotation_int=\count295
\g__pdf_backend_link_int=\count296
) (./sotsuron2.aux)
\openout1 = `sotsuron2.aux'.

LaTeX Font Info:    Checking defaults for OML/cmm/m/it on input line 40.
LaTeX Font Info:    ... okay on input line 40.
LaTeX Font Info:    Checking defaults for OMS/cmsy/m/n on input line 40.
LaTeX Font Info:    ... okay on input line 40.
LaTeX Font Info:    Checking defaults for OT1/cmr/m/n on input line 40.
LaTeX Font Info:    ... okay on input line 40.
LaTeX Font Info:    Checking defaults for T1/cmr/m/n on input line 40.
LaTeX Font Info:    ... okay on input line 40.
LaTeX Font Info:    Checking defaults for TS1/cmr/m/n on input line 40.
LaTeX Font Info:    ... okay on input line 40.
LaTeX Font Info:    Checking defaults for OMX/cmex/m/n on input line 40.
LaTeX Font Info:    ... okay on input line 40.
LaTeX Font Info:    Checking defaults for U/cmr/m/n on input line 40.
LaTeX Font Info:    ... okay on input line 40.
LaTeX Font Info:    Checking defaults for JY1/mc/m/n on input line 40.
LaTeX Font Info:    ... okay on input line 40.
LaTeX Font Info:    Checking defaults for JT1/mc/m/n on input line 40.
LaTeX Font Info:    ... okay on input line 40.

*geometry* detected driver: dvipdfm
*geometry* verbose mode - [ preamble ] result:
* driver: dvipdfm
* paper: <default>
* layout: <same size as paper>
* layoutoffset:(h,v)=(0.0pt,0.0pt)
* modes: 
* h-part:(L,W,R)=(85.35826pt, 426.79135pt, 85.35826pt)
* v-part:(T,H,B)=(99.58464pt, 660.10394pt, 85.35826pt)
* \paperwidth=597.50787pt
* \paperheight=845.04684pt
* \textwidth=426.79135pt
* \textheight=660.10394pt
* \oddsidemargin=13.08827pt
* \evensidemargin=13.08827pt
* \topmargin=-9.68535pt
* \headheight=12.0pt
* \headsep=25.0pt
* \topskip=9.33105pt
* \footskip=30.0pt
* \marginparwidth=60.0pt
* \marginparsep=10.0pt
* \columnsep=23.09317pt
* \skip\footins=10.8pt plus 4.0pt minus 2.0pt
* \hoffset=0.0pt
* \voffset=0.0pt
* \mag=1000
* \@twocolumnfalse
* \@twosidefalse
* \@mparswitchfalse
* \@reversemarginfalse
* (1in=72.27pt=25.4mm, 1cm=28.453pt)

Package caption Info: Begin \AtBeginDocument code.
Package caption Info: float package is loaded.
Package caption Info: End \AtBeginDocument code.
[1

] (./content.tex
LaTeX Font Info:    Font shape `JT1/mc/bx/n' in size <24.88> not available
(Font)              Font shape `JT1/gt/m/n' tried instead on input line 1.
LaTeX Font Info:    Font shape `JY1/mc/bx/n' in size <24.88> not available
(Font)              Font shape `JY1/gt/m/n' tried instead on input line 1.
 (./sotsuron2.toc
LaTeX Font Info:    Font shape `JT1/mc/bx/n' in size <12> not available
(Font)              Font shape `JT1/gt/m/n' tried instead on input line 1.
LaTeX Font Info:    Font shape `JY1/mc/bx/n' in size <12> not available
(Font)              Font shape `JY1/gt/m/n' tried instead on input line 1.
LaTeX Font Info:    Trying to load font information for U+msa on input line 2.
 (/usr/local/texlive/2022/texmf-dist/tex/latex/amsfonts/umsa.fd
File: umsa.fd 2013/01/14 v3.01 AMS symbols A
)
LaTeX Font Info:    Trying to load font information for U+msb on input line 2.
 (/usr/local/texlive/2022/texmf-dist/tex/latex/amsfonts/umsb.fd
File: umsb.fd 2013/01/14 v3.01 AMS symbols B
) [1


])
\tf@toc=\write6
\openout6 = `sotsuron2.toc'.

 [2] (./sotsuron2.lot)
\tf@lot=\write7
\openout7 = `sotsuron2.lot'.

 [3

] (./sotsuron2.lof [4

])
\tf@lof=\write8
\openout8 = `sotsuron2.lof'.

) [0]
第 1 章
LaTeX Font Info:    Font shape `JT1/mc/bx/n' in size <17.28> not available
(Font)              Font shape `JT1/gt/m/n' tried instead on input line 82.
LaTeX Font Info:    Font shape `JY1/mc/bx/n' in size <17.28> not available
(Font)              Font shape `JY1/gt/m/n' tried instead on input line 82.
File: image/hikaku.png Graphic file (type bmp)
<image/hikaku.png>
[1


] [2] [3

]
LaTeX Font Info:    Font shape `JT1/mc/bx/n' in size <14.4> not available
(Font)              Font shape `JT1/gt/m/n' tried instead on input line 121.
LaTeX Font Info:    Font shape `JY1/mc/bx/n' in size <14.4> not available
(Font)              Font shape `JY1/gt/m/n' tried instead on input line 121.
 [4

]
第 2 章
File: image/neuron.png Graphic file (type bmp)
<image/neuron.png>
[5


]
File: image/perceptron.png Graphic file (type bmp)
<image/perceptron.png>
 [6] [7]
File: image/sigmoid.jpg Graphic file (type bmp)
<image/sigmoid.jpg>

Overfull \hbox (3.44421pt too wide) in paragraph at lines 239--240
[]\JY1/mc/m/n/14.4 この問題を解決するために ， 活性化関数には \T1/cmr/m/n/14.4 ReLU \JY1/mc/m/n/14.4 関数や \T1/cmr/m/n/14.4 Leaky ReLU
 []

[8]
File: image/relu.png Graphic file (type bmp)
<image/relu.png>
File: image/cnn.jpeg Graphic file (type bmp)
<image/cnn.jpeg>
 [9] [10]
第 3 章

Overfull \hbox (4.66603pt too wide) in paragraph at lines 290--295
[]\JY1/mc/m/n/14.4 使用するライブラリについて[] 本研究では \T1/cmr/m/n/14.4 Face-book AI Re-search(FAIR)
 []

[11


]
File: image/flow.png Graphic file (type bmp)
<image/flow.png>
 [12]
File: image/table_list.png Graphic file (type bmp)
<image/table_list.png>
 [13] [14]
File: image/compare.png Graphic file (type bmp)
<image/compare.png>
 [15] [16]
File: image/object_relationship.png Graphic file (type bmp)
<image/object_relationship.png>
 [17] [18]
File: ./image/figure_2.png Graphic file (type bmp)
<./image/figure_2.png>
 [19] [20] [21] [22]
第 4 章
File: image/1_result.jpg Graphic file (type bmp)
<image/1_result.jpg>
[23


]
File: image/2_result.jpg Graphic file (type bmp)
<image/2_result.jpg>
File: image/3_result.jpg Graphic file (type bmp)
<image/3_result.jpg>
 [24]
File: image/4_result.jpg Graphic file (type bmp)
<image/4_result.jpg>
File: image/5_result.jpg Graphic file (type bmp)
<image/5_result.jpg>
 [25]
File: image/result_1_1.jpg Graphic file (type bmp)
<image/result_1_1.jpg>
 [26]
File: image/result_1_2.jpg Graphic file (type bmp)
<image/result_1_2.jpg>
 [27]
File: image/result_1_3.jpg Graphic file (type bmp)
<image/result_1_3.jpg>
 [28]
File: image/result_1_4.jpg Graphic file (type bmp)
<image/result_1_4.jpg>
 [29]
File: image/result_1_4_1.jpg Graphic file (type bmp)
<image/result_1_4_1.jpg>
 [30]
File: image/result_1_4_2.jpg Graphic file (type bmp)
<image/result_1_4_2.jpg>
File: image/result_1_5.jpg Graphic file (type bmp)
<image/result_1_5.jpg>
 [31]
File: image/result_1_5_1.jpg Graphic file (type bmp)
<image/result_1_5_1.jpg>
 [32]
File: image/6_result.jpg Graphic file (type bmp)
<image/6_result.jpg>
 [33]
File: image/7_result.jpg Graphic file (type bmp)
<image/7_result.jpg>
File: image/8_result.jpg Graphic file (type bmp)
<image/8_result.jpg>
 [34]
File: image/result_2_1_2.jpg Graphic file (type bmp)
<image/result_2_1_2.jpg>
 [35]
File: image/result_2_1_3.jpg Graphic file (type bmp)
<image/result_2_1_3.jpg>
 [36]
File: image/result_2_1_4.jpg Graphic file (type bmp)
<image/result_2_1_4.jpg>
File: image/result2_2_2.jpg Graphic file (type bmp)
<image/result2_2_2.jpg>
 [37]
Overfull \hbox (128.67566pt too wide) in paragraph at lines 978--994
 [][] 
 []

File: image/result2_2_3.jpg Graphic file (type bmp)
<image/result2_2_3.jpg>
[38]
File: image/result2_2_4.jpg Graphic file (type bmp)
<image/result2_2_4.jpg>
 [39]
File: image/result_2_3.jpg Graphic file (type bmp)
<image/result_2_3.jpg>
File: image/result_2_3_1.jpg Graphic file (type bmp)
<image/result_2_3_1.jpg>
 [40]
File: image/result_2_3_2.jpg Graphic file (type bmp)
<image/result_2_3_2.jpg>
 [41]
File: image/result_2_3_3.jpg Graphic file (type bmp)
<image/result_2_3_3.jpg>
 [42]
File: image/result_2_4.PNG Graphic file (type bmp)
<image/result_2_4.PNG>
File: image/result_2_4_2.PNG Graphic file (type bmp)
<image/result_2_4_2.PNG>
 [43]
Overfull \hbox (44.01253pt too wide) in paragraph at lines 1160--1176
 [][] 
 []

File: image/result_2_4_3.jpg Graphic file (type bmp)
<image/result_2_4_3.jpg>
[44] [45]
File: image/result_2_4_4.png Graphic file (type bmp)
<image/result_2_4_4.png>
File: image/result_2_4_5.png Graphic file (type bmp)
<image/result_2_4_5.png>
 [46]
File: image/result_2_5.png Graphic file (type bmp)
<image/result_2_5.png>
 [47]
File: image/result_2_5_2.png Graphic file (type bmp)
<image/result_2_5_2.png>
File: image/result_2_5_3.png Graphic file (type bmp)
<image/result_2_5_3.png>

Overfull \hbox (8.24332pt too wide) detected at line 1274
[]\JY1/mc/m/n/14.4 トランザクシ ョ ン時間 \OT1/cmr/m/n/14.4 [\OML/cmm/m/it/14.4 ms\OT1/cmr/m/n/14.4 ] = []
 []

[48] [49] [50]
第 5 章
[51

]
第 6 章
File: image/user_register.jpg Graphic file (type bmp)
<image/user_register.jpg>
File: image/user_login.jpg Graphic file (type bmp)
<image/user_login.jpg>
[52


]
File: image/index.jpg Graphic file (type bmp)
<image/index.jpg>
 [53]
File: image/movie_upload.jpg Graphic file (type bmp)
<image/movie_upload.jpg>
 [54]
File: image/home.jpg Graphic file (type bmp)
<image/home.jpg>
File: image/preparation.jpg Graphic file (type bmp)
<image/preparation.jpg>
File: image/ongoing.jpg Graphic file (type bmp)
<image/ongoing.jpg>
File: image/complete.jpg Graphic file (type bmp)
<image/complete.jpg>
File: image/detail.jpg Graphic file (type bmp)
<image/detail.jpg>
 [55]
File: image/image_upload.jpg Graphic file (type bmp)
<image/image_upload.jpg>
 [56] [57]
File: image/search_result.jpg Graphic file (type bmp)
<image/search_result.jpg>
 [58] [59] [60


]
Underfull \hbox (badness 10000) in paragraph at lines 1471--1472
[]\JY1/mc/m/n/14.4 月間 \T1/cmr/m/n/14.4 6,500 \JY1/mc/m/n/14.4 万ユ ーザ ーを超えた \T1/cmr/m/n/14.4 YouTube\JY1/mc/m/n/14.4 ， \T1/cmr/m/n/14.4 2020 \JY1/mc/m/n/14.4 年の
 []


Underfull \hbox (badness 10000) in paragraph at lines 1471--1472
\JY1/mc/m/n/14.4 国内利用実態──テレビでの利用も \T1/cmr/m/n/14.4 2 \JY1/mc/m/n/14.4 倍に\T1/cmr/m/n/14.4 , Google
 []


Underfull \hbox (badness 10000) in paragraph at lines 1471--1472
\T1/cmr/m/n/14.4 https://www.thinkwithgoogle.com/intl/ja-jp/marketing-
 []


Underfull \hbox (badness 10000) in paragraph at lines 1472--1473
\T1/cmr/m/n/14.4 comprehensive-guide-to-convolutional-neural-networks-the-eli5-way-
 []


Underfull \hbox (badness 3668) in paragraph at lines 1473--1474
[]\T1/cmr/m/n/14.4 Detectron2,Meta AI https://ai.facebook.com/blog/-detectron2-a-
 []


Underfull \hbox (badness 6625) in paragraph at lines 1474--1475
[]\T1/cmr/m/n/14.4 Microsoft COCO: Com-mon Ob-jects in Con-text, Mi-crosoft
 []

[61


] (./sotsuron2.aux) ) 
Here is how much of TeX's memory you used:
 6339 strings out of 478724
 102530 string characters out of 5858392
 405150 words of memory out of 5000000
 24626 multiletter control sequences out of 15000+600000
 492487 words of font info for 103 fonts, out of 8000000 for 9000
 929 hyphenation exceptions out of 8191
 67i,17n,77p,337b,451s stack positions out of 10000i,1000n,20000p,200000b,200000s

Output written on sotsuron2.dvi (67 pages, 141756 bytes).
